{
  "RSpec": {
    "coverage": {
      "/home/wellison/estudoRuby/ruby/Melhores_Pratos/spec/models/customer_spec.rb": [
        1,
        null,
        1,
        1,
        null
      ],
      "/home/wellison/estudoRuby/ruby/Melhores_Pratos/spec/rails_helper.rb": [
        null,
        1,
        1,
        1,
        1,
        1,
        null,
        1,
        null,
        1,
        1,
        1,
        1,
        null
      ],
      "/home/wellison/estudoRuby/ruby/Melhores_Pratos/config/environment.rb": [
        null,
        1,
        null,
        null,
        1
      ],
      "/home/wellison/estudoRuby/ruby/Melhores_Pratos/config/application.rb": [
        1,
        null,
        1,
        null,
        null,
        null,
        1,
        null,
        1,
        1,
        null,
        1,
        null,
        null,
        null,
        null,
        null,
        null
      ],
      "/home/wellison/estudoRuby/ruby/Melhores_Pratos/config/boot.rb": [
        1,
        null,
        1
      ],
      "/home/wellison/estudoRuby/ruby/Melhores_Pratos/config/spring.rb": [
        null,
        null,
        null,
        null,
        null,
        5
      ],
      "/home/wellison/estudoRuby/ruby/Melhores_Pratos/config/environments/test.rb": [
        1,
        null,
        null,
        null,
        null,
        null,
        null,
        1,
        null,
        null,
        null,
        null,
        1,
        null,
        null,
        1,
        1,
        null,
        null,
        null,
        null,
        1,
        1,
        null,
        null,
        1,
        null,
        null,
        1,
        1,
        null,
        null,
        null,
        null,
        1,
        null,
        null,
        1,
        null,
        null,
        null,
        null
      ],
      "/home/wellison/estudoRuby/ruby/Melhores_Pratos/config/initializers/application_controller_renderer.rb": [
        null,
        null,
        null,
        null,
        null,
        null,
        null,
        null
      ],
      "/home/wellison/estudoRuby/ruby/Melhores_Pratos/config/initializers/assets.rb": [
        null,
        null,
        null,
        1,
        null,
        null,
        null,
        null,
        1,
        null,
        null,
        null,
        null,
        null
      ],
      "/home/wellison/estudoRuby/ruby/Melhores_Pratos/config/initializers/backtrace_silencers.rb": [
        null,
        null,
        null,
        null,
        null,
        null,
        null
      ],
      "/home/wellison/estudoRuby/ruby/Melhores_Pratos/config/initializers/cookies_serializer.rb": [
        null,
        null,
        null,
        null,
        1
      ],
      "/home/wellison/estudoRuby/ruby/Melhores_Pratos/config/initializers/filter_parameter_logging.rb": [
        null,
        null,
        null,
        1
      ],
      "/home/wellison/estudoRuby/ruby/Melhores_Pratos/config/initializers/inflections.rb": [
        null,
        null,
        null,
        null,
        null,
        null,
        null,
        null,
        null,
        null,
        null,
        null,
        null,
        null,
        null,
        null
      ],
      "/home/wellison/estudoRuby/ruby/Melhores_Pratos/config/initializers/mime_types.rb": [
        null,
        null,
        null,
        null
      ],
      "/home/wellison/estudoRuby/ruby/Melhores_Pratos/config/initializers/wrap_parameters.rb": [
        null,
        null,
        null,
        null,
        null,
        null,
        1,
        2,
        null,
        null,
        null,
        null,
        null,
        null
      ],
      "/home/wellison/estudoRuby/ruby/Melhores_Pratos/spec/factories/customers.rb": [
        1,
        1,
        null,
        null
      ],
      "/home/wellison/estudoRuby/ruby/Melhores_Pratos/spec/factories/dishes.rb": [
        1,
        1,
        null,
        null
      ],
      "/home/wellison/estudoRuby/ruby/Melhores_Pratos/spec/factories/qualifications.rb": [
        1,
        1,
        null,
        null
      ],
      "/home/wellison/estudoRuby/ruby/Melhores_Pratos/spec/factories/recipes.rb": [
        1,
        1,
        null,
        null
      ],
      "/home/wellison/estudoRuby/ruby/Melhores_Pratos/spec/factories/restaurants.rb": [
        1,
        1,
        1,
        1,
        1,
        null,
        null
      ],
      "/home/wellison/estudoRuby/ruby/Melhores_Pratos/config/routes.rb": [
        1,
        null,
        null
      ],
      "/home/wellison/estudoRuby/ruby/Melhores_Pratos/app/helpers/application_helper.rb": [
        1,
        null
      ],
      "/home/wellison/estudoRuby/ruby/Melhores_Pratos/spec/support/factory_bot.rb": [
        1,
        1,
        null
      ],
      "/home/wellison/estudoRuby/ruby/Melhores_Pratos/app/models/customer.rb": [
        1,
        1,
        1,
        1,
        null,
        null,
        null
      ],
      "/home/wellison/estudoRuby/ruby/Melhores_Pratos/app/models/application_record.rb": [
        1,
        1,
        null
      ],
      "/home/wellison/estudoRuby/ruby/Melhores_Pratos/spec/models/dish_spec.rb": [
        1,
        null,
        1,
        1,
        null
      ],
      "/home/wellison/estudoRuby/ruby/Melhores_Pratos/app/models/dish.rb": [
        1,
        1,
        1,
        null
      ],
      "/home/wellison/estudoRuby/ruby/Melhores_Pratos/spec/models/qualification_spec.rb": [
        1,
        null,
        1,
        1,
        null
      ],
      "/home/wellison/estudoRuby/ruby/Melhores_Pratos/app/models/qualification.rb": [
        1,
        1,
        null,
        1,
        null,
        null,
        null,
        null,
        1,
        null,
        null,
        null
      ],
      "/home/wellison/estudoRuby/ruby/Melhores_Pratos/spec/models/recipe_spec.rb": [
        1,
        null,
        1,
        1,
        null
      ],
      "/home/wellison/estudoRuby/ruby/Melhores_Pratos/app/models/recipe.rb": [
        1,
        1,
        null
      ],
      "/home/wellison/estudoRuby/ruby/Melhores_Pratos/spec/models/restaurant_spec.rb": [
        1,
        null,
        1,
        1,
        1,
        1,
        1,
        null,
        null,
        1,
        1,
        1,
        1,
        null,
        null,
        1,
        1,
        1,
        1,
        null,
        null,
        null
      ],
      "/home/wellison/estudoRuby/ruby/Melhores_Pratos/app/models/restaurant.rb": [
        1,
        1,
        1,
        1,
        1,
        1,
        null,
        1,
        null,
        1,
        4,
        1,
        null,
        null,
        null
      ]
    },
    "timestamp": 1515755220
  }
}
